app/build/intermediates/manifest_merge_blame_file/debug/processDebugMainManifest/manifest-merger-blame-debug-report.txt
1<?xml version="1.0" encoding="utf-8"?>
2<manifest xmlns:android="http://schemas.android.com/apk/res/android"
3    package="com.missingpersons.app"
4    android:versionCode="9"
5    android:versionName="1.7.9" >
6
7    <uses-sdk
8        android:minSdkVersion="24"
9        android:targetSdkVersion="35" />
10
11    <uses-permission android:name="android.permission.INTERNET" />
11-->src\main\AndroidManifest.xml:5:5-66
11-->src\main\AndroidManifest.xml:5:22-64
12    <uses-permission android:name="android.permission.ACCESS_NETWORK_STATE" />
12-->src\main\AndroidManifest.xml:6:5-78
12-->src\main\AndroidManifest.xml:6:22-76
13    <uses-permission android:name="android.permission.ACCESS_FINE_LOCATION" />
13-->src\main\AndroidManifest.xml:7:5-78
13-->src\main\AndroidManifest.xml:7:22-76
14    <uses-permission android:name="android.permission.ACCESS_COARSE_LOCATION" />
14-->src\main\AndroidManifest.xml:8:5-80
14-->src\main\AndroidManifest.xml:8:22-78
15    <uses-permission android:name="android.permission.CAMERA" />
15-->src\main\AndroidManifest.xml:9:5-64
15-->src\main\AndroidManifest.xml:9:22-62
16    <uses-permission
16-->src\main\AndroidManifest.xml:10:5-106
17        android:name="android.permission.READ_EXTERNAL_STORAGE"
17-->src\main\AndroidManifest.xml:10:22-77
18        android:maxSdkVersion="32" />
18-->src\main\AndroidManifest.xml:10:78-104
19    <uses-permission android:name="android.permission.READ_MEDIA_IMAGES" />
19-->src\main\AndroidManifest.xml:11:5-75
19-->src\main\AndroidManifest.xml:11:22-73
20    <uses-permission
20-->src\main\AndroidManifest.xml:12:5-13:66
21        android:name="android.permission.WRITE_EXTERNAL_STORAGE"
21-->src\main\AndroidManifest.xml:12:22-78
22        android:maxSdkVersion="29" />
22-->src\main\AndroidManifest.xml:13:9-35
23    <uses-permission android:name="android.permission.POST_NOTIFICATIONS" />
23-->src\main\AndroidManifest.xml:14:5-76
23-->src\main\AndroidManifest.xml:14:22-74
24    <uses-permission android:name="android.permission.VIBRATE" />
24-->src\main\AndroidManifest.xml:15:5-65
24-->src\main\AndroidManifest.xml:15:22-63
25    <uses-permission android:name="android.permission.RECEIVE_BOOT_COMPLETED" />
25-->src\main\AndroidManifest.xml:16:5-80
25-->src\main\AndroidManifest.xml:16:22-78
26    <uses-permission android:name="android.permission.FOREGROUND_SERVICE" />
26-->src\main\AndroidManifest.xml:17:5-76
26-->src\main\AndroidManifest.xml:17:22-74
27
28    <uses-feature
28-->src\main\AndroidManifest.xml:19:5-84
29        android:name="android.hardware.camera"
29-->src\main\AndroidManifest.xml:19:19-57
30        android:required="false" />
30-->src\main\AndroidManifest.xml:19:58-82
31
32    <uses-permission android:name="android.permission.WAKE_LOCK" /> <!-- Required by older versions of Google Play services to create IID tokens -->
32-->[com.google.firebase:firebase-messaging:24.1.0] AndroidManifest.xml:24:5-68
32-->[com.google.firebase:firebase-messaging:24.1.0] AndroidManifest.xml:24:22-65
33    <uses-permission android:name="com.google.android.c2dm.permission.RECEIVE" />
33-->[com.google.firebase:firebase-messaging:24.1.0] AndroidManifest.xml:26:5-82
33-->[com.google.firebase:firebase-messaging:24.1.0] AndroidManifest.xml:26:22-79
34    <uses-permission android:name="com.google.android.finsky.permission.BIND_GET_INSTALL_REFERRER_SERVICE" />
34-->[com.google.android.gms:play-services-measurement:22.2.0] AndroidManifest.xml:26:5-110
34-->[com.google.android.gms:play-services-measurement:22.2.0] AndroidManifest.xml:26:22-107
35    <uses-permission android:name="com.google.android.gms.permission.AD_ID" />
35-->[com.google.android.gms:play-services-measurement-impl:22.2.0] AndroidManifest.xml:27:5-79
35-->[com.google.android.gms:play-services-measurement-impl:22.2.0] AndroidManifest.xml:27:22-76
36    <uses-permission android:name="android.permission.ACCESS_ADSERVICES_ATTRIBUTION" />
36-->[com.google.android.gms:play-services-measurement-api:22.2.0] AndroidManifest.xml:26:5-88
36-->[com.google.android.gms:play-services-measurement-api:22.2.0] AndroidManifest.xml:26:22-85
37    <uses-permission android:name="android.permission.ACCESS_ADSERVICES_AD_ID" />
37-->[com.google.android.gms:play-services-measurement-api:22.2.0] AndroidManifest.xml:27:5-82
37-->[com.google.android.gms:play-services-measurement-api:22.2.0] AndroidManifest.xml:27:22-79
38    <uses-permission android:name="com.google.android.providers.gsf.permission.READ_GSERVICES" />
38-->[com.google.android.recaptcha:recaptcha:18.5.1] AndroidManifest.xml:9:5-98
38-->[com.google.android.recaptcha:recaptcha:18.5.1] AndroidManifest.xml:9:22-95
39    <uses-permission android:name="android.permission.ACCESS_ADSERVICES_TOPICS" /> <!-- Android package visibility setting -->
39-->[com.google.android.gms:play-services-ads-lite:23.6.0] AndroidManifest.xml:29:5-83
39-->[com.google.android.gms:play-services-ads-lite:23.6.0] AndroidManifest.xml:29:22-80
40    <queries>
40-->[com.google.android.gms:play-services-ads-lite:23.6.0] AndroidManifest.xml:35:5-68:15
41
42        <!-- For browser content -->
43        <intent>
43-->[com.google.android.gms:play-services-ads-lite:23.6.0] AndroidManifest.xml:38:9-44:18
44            <action android:name="android.intent.action.VIEW" />
44-->[com.google.firebase:firebase-auth:23.1.0] AndroidManifest.xml:36:17-69
44-->[com.google.firebase:firebase-auth:23.1.0] AndroidManifest.xml:36:25-66
45
46            <category android:name="android.intent.category.BROWSABLE" />
46-->[com.google.firebase:firebase-auth:23.1.0] AndroidManifest.xml:39:17-78
46-->[com.google.firebase:firebase-auth:23.1.0] AndroidManifest.xml:39:27-75
47
48            <data android:scheme="https" />
48-->[com.google.firebase:firebase-auth:23.1.0] AndroidManifest.xml:41:17-44:51
48-->[com.google.firebase:firebase-auth:23.1.0] AndroidManifest.xml:44:21-48
49        </intent>
50        <!-- End of browser content -->
51        <!-- For CustomTabsService -->
52        <intent>
52-->[com.google.android.gms:play-services-ads-lite:23.6.0] AndroidManifest.xml:47:9-49:18
53            <action android:name="android.support.customtabs.action.CustomTabsService" />
53-->[com.google.android.gms:play-services-ads-lite:23.6.0] AndroidManifest.xml:48:13-90
53-->[com.google.android.gms:play-services-ads-lite:23.6.0] AndroidManifest.xml:48:21-87
54        </intent>
55        <!-- End of CustomTabsService -->
56        <!-- For MRAID capabilities -->
57        <intent>
57-->[com.google.android.gms:play-services-ads-lite:23.6.0] AndroidManifest.xml:52:9-56:18
58            <action android:name="android.intent.action.INSERT" />
58-->[com.google.android.gms:play-services-ads-lite:23.6.0] AndroidManifest.xml:53:13-67
58-->[com.google.android.gms:play-services-ads-lite:23.6.0] AndroidManifest.xml:53:21-64
59
60            <data android:mimeType="vnd.android.cursor.dir/event" />
60-->[com.google.firebase:firebase-auth:23.1.0] AndroidManifest.xml:41:17-44:51
61        </intent>
62        <intent>
62-->[com.google.android.gms:play-services-ads-lite:23.6.0] AndroidManifest.xml:57:9-61:18
63            <action android:name="android.intent.action.VIEW" />
63-->[com.google.firebase:firebase-auth:23.1.0] AndroidManifest.xml:36:17-69
63-->[com.google.firebase:firebase-auth:23.1.0] AndroidManifest.xml:36:25-66
64
65            <data android:scheme="sms" />
65-->[com.google.firebase:firebase-auth:23.1.0] AndroidManifest.xml:41:17-44:51
65-->[com.google.firebase:firebase-auth:23.1.0] AndroidManifest.xml:44:21-48
66        </intent>
67        <intent>
67-->[com.google.android.gms:play-services-ads-lite:23.6.0] AndroidManifest.xml:62:9-66:18
68            <action android:name="android.intent.action.DIAL" />
68-->[com.google.android.gms:play-services-ads-lite:23.6.0] AndroidManifest.xml:63:13-65
68-->[com.google.android.gms:play-services-ads-lite:23.6.0] AndroidManifest.xml:63:21-62
69
70            <data android:path="tel:" />
70-->[com.google.firebase:firebase-auth:23.1.0] AndroidManifest.xml:41:17-44:51
70-->[com.google.firebase:firebase-auth:23.1.0] AndroidManifest.xml:43:21-37
71        </intent>
72        <!-- End of MRAID capabilities -->
73    </queries>
74
75    <permission
75-->[androidx.core:core:1.13.0] AndroidManifest.xml:22:5-24:47
76        android:name="com.missingpersons.app.DYNAMIC_RECEIVER_NOT_EXPORTED_PERMISSION"
76-->[androidx.core:core:1.13.0] AndroidManifest.xml:23:9-81
77        android:protectionLevel="signature" />
77-->[androidx.core:core:1.13.0] AndroidManifest.xml:24:9-44
78
79    <uses-permission android:name="com.missingpersons.app.DYNAMIC_RECEIVER_NOT_EXPORTED_PERMISSION" />
79-->[androidx.core:core:1.13.0] AndroidManifest.xml:26:5-97
79-->[androidx.core:core:1.13.0] AndroidManifest.xml:26:22-94
80
81    <supports-screens
81-->[org.osmdroid:osmdroid-android:6.1.20] AndroidManifest.xml:9:5-12:40
82        android:anyDensity="true"
82-->[org.osmdroid:osmdroid-android:6.1.20] AndroidManifest.xml:10:9-34
83        android:largeScreens="true"
83-->[org.osmdroid:osmdroid-android:6.1.20] AndroidManifest.xml:11:9-36
84        android:normalScreens="true" />
84-->[org.osmdroid:osmdroid-android:6.1.20] AndroidManifest.xml:12:9-37
85
86    <uses-feature
86-->[org.osmdroid:osmdroid-android:6.1.20] AndroidManifest.xml:14:5-16:36
87        android:name="android.hardware.location.network"
87-->[org.osmdroid:osmdroid-android:6.1.20] AndroidManifest.xml:15:9-57
88        android:required="false" />
88-->[org.osmdroid:osmdroid-android:6.1.20] AndroidManifest.xml:16:9-33
89    <uses-feature
89-->[org.osmdroid:osmdroid-android:6.1.20] AndroidManifest.xml:17:5-19:36
90        android:name="android.hardware.location.gps"
90-->[org.osmdroid:osmdroid-android:6.1.20] AndroidManifest.xml:18:9-53
91        android:required="false" />
91-->[org.osmdroid:osmdroid-android:6.1.20] AndroidManifest.xml:19:9-33
92    <uses-feature
92-->[org.osmdroid:osmdroid-android:6.1.20] AndroidManifest.xml:20:5-22:36
93        android:name="android.hardware.telephony"
93-->[org.osmdroid:osmdroid-android:6.1.20] AndroidManifest.xml:21:9-50
94        android:required="false" />
94-->[org.osmdroid:osmdroid-android:6.1.20] AndroidManifest.xml:22:9-33
95    <uses-feature
95-->[org.osmdroid:osmdroid-android:6.1.20] AndroidManifest.xml:23:5-25:36
96        android:name="android.hardware.wifi"
96-->[org.osmdroid:osmdroid-android:6.1.20] AndroidManifest.xml:24:9-45
97        android:required="false" />
97-->[org.osmdroid:osmdroid-android:6.1.20] AndroidManifest.xml:25:9-33
98
99    <application
99-->src\main\AndroidManifest.xml:21:5-112:19
100        android:name="com.missingpersons.app.MyApplication"
100-->src\main\AndroidManifest.xml:22:9-38
101        android:allowBackup="false"
101-->src\main\AndroidManifest.xml:23:9-36
102        android:appComponentFactory="androidx.core.app.CoreComponentFactory"
102-->[androidx.core:core:1.13.0] AndroidManifest.xml:28:18-86
103        android:debuggable="true"
104        android:extractNativeLibs="false"
105        android:icon="@mipmap/ic_launcher"
105-->src\main\AndroidManifest.xml:24:9-43
106        android:label="@string/app_name"
106-->src\main\AndroidManifest.xml:25:9-41
107        android:networkSecurityConfig="@xml/network_security_config"
107-->src\main\AndroidManifest.xml:29:9-69
108        android:roundIcon="@mipmap/ic_launcher"
108-->src\main\AndroidManifest.xml:26:9-48
109        android:supportsRtl="true"
109-->src\main\AndroidManifest.xml:27:9-35
110        android:testOnly="true"
111        android:theme="@style/Theme.MissingPersons" >
111-->src\main\AndroidManifest.xml:28:9-52
112        <meta-data
112-->src\main\AndroidManifest.xml:32:9-34:69
113            android:name="com.google.android.gms.ads.APPLICATION_ID"
113-->src\main\AndroidManifest.xml:33:13-69
114            android:value="ca-app-pub-3940256099942544~3347511713" />
114-->src\main\AndroidManifest.xml:34:13-67
115
116        <property
116-->src\main\AndroidManifest.xml:35:9-39:35
117            android:name="android.adservices.AD_SERVICES_CONFIG"
117-->src\main\AndroidManifest.xml:36:13-65
118            android:resource="@xml/gma_ad_services_config" />
118-->src\main\AndroidManifest.xml:37:13-59
119
120        <!-- ─── Activities ─── -->
121        <activity
121-->src\main\AndroidManifest.xml:42:9-49:20
122            android:name="com.missingpersons.app.activities.SplashActivity"
122-->src\main\AndroidManifest.xml:42:19-60
123            android:exported="true"
123-->src\main\AndroidManifest.xml:43:13-36
124            android:theme="@style/Theme.MissingPersons.Splash" >
124-->src\main\AndroidManifest.xml:44:13-63
125            <intent-filter>
125-->src\main\AndroidManifest.xml:45:13-48:29
126                <action android:name="android.intent.action.MAIN" />
126-->src\main\AndroidManifest.xml:46:17-68
126-->src\main\AndroidManifest.xml:46:25-66
127
128                <category android:name="android.intent.category.LAUNCHER" />
128-->src\main\AndroidManifest.xml:47:17-76
128-->src\main\AndroidManifest.xml:47:27-74
129            </intent-filter>
130        </activity>
131        <activity
131-->src\main\AndroidManifest.xml:51:9-97
132            android:name="com.missingpersons.app.activities.OnboardingActivity"
132-->src\main\AndroidManifest.xml:51:19-64
133            android:exported="false" />
133-->src\main\AndroidManifest.xml:51:71-95
134        <activity
134-->src\main\AndroidManifest.xml:52:9-97
135            android:name="com.missingpersons.app.activities.LoginActivity"
135-->src\main\AndroidManifest.xml:52:19-59
136            android:exported="false" />
136-->src\main\AndroidManifest.xml:52:71-95
137        <!-- [مرحلة 1.1] HomeActivity موقوفة — SplashActivity تتجه لـ NewHomeActivity مباشرة -->
138        <activity
138-->src\main\AndroidManifest.xml:54:9-97
139            android:name="com.missingpersons.app.activities.ReportActivity"
139-->src\main\AndroidManifest.xml:54:19-60
140            android:exported="false" />
140-->src\main\AndroidManifest.xml:54:71-95
141        <activity
141-->src\main\AndroidManifest.xml:55:9-97
142            android:name="com.missingpersons.app.activities.BrowseActivity"
142-->src\main\AndroidManifest.xml:55:19-60
143            android:exported="false" />
143-->src\main\AndroidManifest.xml:55:71-95
144        <activity
144-->src\main\AndroidManifest.xml:56:9-97
145            android:name="com.missingpersons.app.activities.SearchActivity"
145-->src\main\AndroidManifest.xml:56:19-60
146            android:exported="false" />
146-->src\main\AndroidManifest.xml:56:71-95
147        <activity
147-->src\main\AndroidManifest.xml:57:9-97
148            android:name="com.missingpersons.app.activities.CaseDetailActivity"
148-->src\main\AndroidManifest.xml:57:19-64
149            android:exported="false" />
149-->src\main\AndroidManifest.xml:57:71-95
150        <activity
150-->src\main\AndroidManifest.xml:58:9-97
151            android:name="com.missingpersons.app.activities.ChatActivity"
151-->src\main\AndroidManifest.xml:58:19-58
152            android:exported="false" />
152-->src\main\AndroidManifest.xml:58:71-95
153        <activity
153-->src\main\AndroidManifest.xml:59:9-97
154            android:name="com.missingpersons.app.activities.ChatsListActivity"
154-->src\main\AndroidManifest.xml:59:19-63
155            android:exported="false" />
155-->src\main\AndroidManifest.xml:59:71-95
156        <activity
156-->src\main\AndroidManifest.xml:60:9-97
157            android:name="com.missingpersons.app.activities.ProfileActivity"
157-->src\main\AndroidManifest.xml:60:19-61
158            android:exported="false" />
158-->src\main\AndroidManifest.xml:60:71-95
159        <activity
159-->src\main\AndroidManifest.xml:61:9-97
160            android:name="com.missingpersons.app.activities.AboutActivity"
160-->src\main\AndroidManifest.xml:61:19-59
161            android:exported="false" />
161-->src\main\AndroidManifest.xml:61:71-95
162        <activity
162-->src\main\AndroidManifest.xml:62:9-97
163            android:name="com.missingpersons.app.activities.AdminActivity"
163-->src\main\AndroidManifest.xml:62:19-59
164            android:exported="false" />
164-->src\main\AndroidManifest.xml:62:71-95
165        <activity
165-->src\main\AndroidManifest.xml:63:9-97
166            android:name="com.missingpersons.app.activities.AdminDashboardActivity"
166-->src\main\AndroidManifest.xml:63:19-68
167            android:exported="false" />
167-->src\main\AndroidManifest.xml:63:71-95
168        <activity
168-->src\main\AndroidManifest.xml:64:9-97
169            android:name="com.missingpersons.app.activities.MembersActivity"
169-->src\main\AndroidManifest.xml:64:19-61
170            android:exported="false" />
170-->src\main\AndroidManifest.xml:64:71-95
171        <activity
171-->src\main\AndroidManifest.xml:65:9-97
172            android:name="com.missingpersons.app.activities.ManagersActivity"
172-->src\main\AndroidManifest.xml:65:19-62
173            android:exported="false" />
173-->src\main\AndroidManifest.xml:65:71-95
174        <activity
174-->src\main\AndroidManifest.xml:66:9-97
175            android:name="com.missingpersons.app.activities.DisclaimerActivity"
175-->src\main\AndroidManifest.xml:66:19-64
176            android:exported="false" />
176-->src\main\AndroidManifest.xml:66:71-95
177        <activity
177-->src\main\AndroidManifest.xml:67:9-97
178            android:name="com.missingpersons.app.activities.AbuseReportsActivity"
178-->src\main\AndroidManifest.xml:67:19-66
179            android:exported="false" />
179-->src\main\AndroidManifest.xml:67:71-95
180        <activity
180-->src\main\AndroidManifest.xml:68:9-97
181            android:name="com.missingpersons.app.activities.AdminChatsActivity"
181-->src\main\AndroidManifest.xml:68:19-64
182            android:exported="false" />
182-->src\main\AndroidManifest.xml:68:71-95
183        <activity
183-->src\main\AndroidManifest.xml:69:9-97
184            android:name="com.missingpersons.app.activities.FoundPersonActivity"
184-->src\main\AndroidManifest.xml:69:19-65
185            android:exported="false" />
185-->src\main\AndroidManifest.xml:69:71-95
186        <activity
186-->src\main\AndroidManifest.xml:70:9-97
187            android:name="com.missingpersons.app.activities.SearchFilterActivity"
187-->src\main\AndroidManifest.xml:70:19-66
188            android:exported="false" />
188-->src\main\AndroidManifest.xml:70:71-95
189        <activity
189-->src\main\AndroidManifest.xml:71:9-97
190            android:name="com.missingpersons.app.activities.MapActivity"
190-->src\main\AndroidManifest.xml:71:19-57
191            android:exported="false" />
191-->src\main\AndroidManifest.xml:71:71-95
192        <activity
192-->src\main\AndroidManifest.xml:72:9-97
193            android:name="com.missingpersons.app.activities.FoundSightingActivity"
193-->src\main\AndroidManifest.xml:72:19-67
194            android:exported="false" />
194-->src\main\AndroidManifest.xml:72:71-95
195        <activity
195-->src\main\AndroidManifest.xml:73:9-97
196            android:name="com.missingpersons.app.activities.StatisticsActivity"
196-->src\main\AndroidManifest.xml:73:19-64
197            android:exported="false" />
197-->src\main\AndroidManifest.xml:73:71-95
198        <activity
198-->src\main\AndroidManifest.xml:74:9-97
199            android:name="com.missingpersons.app.activities.LeaderboardActivity"
199-->src\main\AndroidManifest.xml:74:19-65
200            android:exported="false" />
200-->src\main\AndroidManifest.xml:74:71-95
201        <activity
201-->src\main\AndroidManifest.xml:75:9-97
202            android:name="com.missingpersons.app.activities.SuccessStoriesActivity"
202-->src\main\AndroidManifest.xml:75:19-68
203            android:exported="false" />
203-->src\main\AndroidManifest.xml:75:71-95
204        <activity
204-->src\main\AndroidManifest.xml:76:9-98
205            android:name="com.missingpersons.app.activities.MyReportsActivity"
205-->src\main\AndroidManifest.xml:76:19-63
206            android:exported="false" />
206-->src\main\AndroidManifest.xml:76:72-96
207        <activity
207-->src\main\AndroidManifest.xml:77:9-78:37
208            android:name="com.missingpersons.app.activities.ReportUpdateActivity"
208-->src\main\AndroidManifest.xml:77:19-66
209            android:exported="false" />
209-->src\main\AndroidManifest.xml:78:11-35
210        <activity
210-->src\main\AndroidManifest.xml:79:9-80:37
211            android:name="com.missingpersons.app.activities.NotificationsActivity"
211-->src\main\AndroidManifest.xml:79:19-67
212            android:exported="false" />
212-->src\main\AndroidManifest.xml:80:11-35
213        <activity
213-->src\main\AndroidManifest.xml:81:9-82:37
214            android:name="com.missingpersons.app.activities.NewHomeActivity"
214-->src\main\AndroidManifest.xml:81:19-61
215            android:exported="false" />
215-->src\main\AndroidManifest.xml:82:11-35
216
217        <provider
218            android:name="androidx.core.content.FileProvider"
218-->src\main\AndroidManifest.xml:85:13-62
219            android:authorities="com.missingpersons.app.provider"
219-->src\main\AndroidManifest.xml:86:13-60
220            android:exported="false"
220-->src\main\AndroidManifest.xml:87:13-37
221            android:grantUriPermissions="true" >
221-->src\main\AndroidManifest.xml:88:13-47
222            <meta-data
222-->src\main\AndroidManifest.xml:89:13-91:53
223                android:name="android.support.FILE_PROVIDER_PATHS"
223-->src\main\AndroidManifest.xml:90:17-67
224                android:resource="@xml/file_paths" />
224-->src\main\AndroidManifest.xml:91:17-51
225        </provider>
226
227        <!-- ── ويدجت الشاشة الرئيسية ── -->
228        <receiver
228-->src\main\AndroidManifest.xml:95:9-104:20
229            android:name="com.missingpersons.app.widget.MissingPersonsWidget"
229-->src\main\AndroidManifest.xml:96:13-56
230            android:exported="true" >
230-->src\main\AndroidManifest.xml:97:13-36
231            <intent-filter>
231-->src\main\AndroidManifest.xml:98:13-100:29
232                <action android:name="android.appwidget.action.APPWIDGET_UPDATE" />
232-->src\main\AndroidManifest.xml:99:17-83
232-->src\main\AndroidManifest.xml:99:25-81
233            </intent-filter>
234
235            <meta-data
235-->src\main\AndroidManifest.xml:101:13-103:70
236                android:name="android.appwidget.provider"
236-->src\main\AndroidManifest.xml:102:17-58
237                android:resource="@xml/missing_persons_widget_info" />
237-->src\main\AndroidManifest.xml:103:17-68
238        </receiver>
239
240        <service
240-->src\main\AndroidManifest.xml:106:9-110:19
241            android:name="com.missingpersons.app.services.FCMService"
241-->src\main\AndroidManifest.xml:106:18-53
242            android:exported="false" >
242-->src\main\AndroidManifest.xml:106:54-78
243            <intent-filter>
243-->src\main\AndroidManifest.xml:107:13-109:29
244                <action android:name="com.google.firebase.MESSAGING_EVENT" />
244-->src\main\AndroidManifest.xml:108:17-77
244-->src\main\AndroidManifest.xml:108:25-75
245            </intent-filter>
246        </service>
247        <service
247-->[com.google.firebase:firebase-appcheck-debug:18.0.0] AndroidManifest.xml:22:9-28:19
248            android:name="com.google.firebase.components.ComponentDiscoveryService"
248-->[com.google.firebase:firebase-appcheck-debug:18.0.0] AndroidManifest.xml:23:13-84
249            android:directBootAware="true"
249-->[com.google.firebase:firebase-common:21.0.0] AndroidManifest.xml:32:13-43
250            android:exported="false" >
250-->[com.google.firebase:firebase-appcheck-debug:18.0.0] AndroidManifest.xml:24:13-37
251            <meta-data
251-->[com.google.firebase:firebase-appcheck-debug:18.0.0] AndroidManifest.xml:25:13-27:85
252                android:name="com.google.firebase.components:com.google.firebase.appcheck.debug.FirebaseAppCheckDebugRegistrar"
252-->[com.google.firebase:firebase-appcheck-debug:18.0.0] AndroidManifest.xml:26:17-128
253                android:value="com.google.firebase.components.ComponentRegistrar" />
253-->[com.google.firebase:firebase-appcheck-debug:18.0.0] AndroidManifest.xml:27:17-82
254            <meta-data
254-->[com.google.firebase:firebase-auth:23.1.0] AndroidManifest.xml:69:13-71:85
255                android:name="com.google.firebase.components:com.google.firebase.auth.FirebaseAuthRegistrar"
255-->[com.google.firebase:firebase-auth:23.1.0] AndroidManifest.xml:70:17-109
256                android:value="com.google.firebase.components.ComponentRegistrar" />
256-->[com.google.firebase:firebase-auth:23.1.0] AndroidManifest.xml:71:17-82
257            <meta-data
257-->[com.google.firebase:firebase-appcheck-playintegrity:18.0.0] AndroidManifest.xml:25:13-27:85
258                android:name="com.google.firebase.components:com.google.firebase.appcheck.playintegrity.FirebaseAppCheckPlayIntegrityRegistrar"
258-->[com.google.firebase:firebase-appcheck-playintegrity:18.0.0] AndroidManifest.xml:26:17-144
259                android:value="com.google.firebase.components.ComponentRegistrar" />
259-->[com.google.firebase:firebase-appcheck-playintegrity:18.0.0] AndroidManifest.xml:27:17-82
260            <meta-data
260-->[com.google.firebase:firebase-messaging:24.1.0] AndroidManifest.xml:57:13-59:85
261                android:name="com.google.firebase.components:com.google.firebase.messaging.FirebaseMessagingKtxRegistrar"
261-->[com.google.firebase:firebase-messaging:24.1.0] AndroidManifest.xml:58:17-122
262                android:value="com.google.firebase.components.ComponentRegistrar" />
262-->[com.google.firebase:firebase-messaging:24.1.0] AndroidManifest.xml:59:17-82
263            <meta-data
263-->[com.google.firebase:firebase-messaging:24.1.0] AndroidManifest.xml:60:13-62:85
264                android:name="com.google.firebase.components:com.google.firebase.messaging.FirebaseMessagingRegistrar"
264-->[com.google.firebase:firebase-messaging:24.1.0] AndroidManifest.xml:61:17-119
265                android:value="com.google.firebase.components.ComponentRegistrar" />
265-->[com.google.firebase:firebase-messaging:24.1.0] AndroidManifest.xml:62:17-82
266            <meta-data
266-->[com.google.firebase:firebase-storage:21.0.1] AndroidManifest.xml:30:13-32:85
267                android:name="com.google.firebase.components:com.google.firebase.storage.FirebaseStorageKtxRegistrar"
267-->[com.google.firebase:firebase-storage:21.0.1] AndroidManifest.xml:31:17-118
268                android:value="com.google.firebase.components.ComponentRegistrar" />
268-->[com.google.firebase:firebase-storage:21.0.1] AndroidManifest.xml:32:17-82
269            <meta-data
269-->[com.google.firebase:firebase-storage:21.0.1] AndroidManifest.xml:33:13-35:85
270                android:name="com.google.firebase.components:com.google.firebase.storage.StorageRegistrar"
270-->[com.google.firebase:firebase-storage:21.0.1] AndroidManifest.xml:34:17-107
271                android:value="com.google.firebase.components.ComponentRegistrar" />
271-->[com.google.firebase:firebase-storage:21.0.1] AndroidManifest.xml:35:17-82
272            <meta-data
272-->[com.google.firebase:firebase-database:21.0.0] AndroidManifest.xml:29:13-31:85
273                android:name="com.google.firebase.components:com.google.firebase.database.FirebaseDatabaseKtxRegistrar"
273-->[com.google.firebase:firebase-database:21.0.0] AndroidManifest.xml:30:17-120
274                android:value="com.google.firebase.components.ComponentRegistrar" />
274-->[com.google.firebase:firebase-database:21.0.0] AndroidManifest.xml:31:17-82
275            <meta-data
275-->[com.google.firebase:firebase-database:21.0.0] AndroidManifest.xml:32:13-34:85
276                android:name="com.google.firebase.components:com.google.firebase.database.DatabaseRegistrar"
276-->[com.google.firebase:firebase-database:21.0.0] AndroidManifest.xml:33:17-109
277                android:value="com.google.firebase.components.ComponentRegistrar" />
277-->[com.google.firebase:firebase-database:21.0.0] AndroidManifest.xml:34:17-82
278            <meta-data
278-->[com.google.firebase:firebase-appcheck:18.0.0] AndroidManifest.xml:25:13-27:85
279                android:name="com.google.firebase.components:com.google.firebase.appcheck.FirebaseAppCheckKtxRegistrar"
279-->[com.google.firebase:firebase-appcheck:18.0.0] AndroidManifest.xml:26:17-120
280                android:value="com.google.firebase.components.ComponentRegistrar" />
280-->[com.google.firebase:firebase-appcheck:18.0.0] AndroidManifest.xml:27:17-82
281            <meta-data
281-->[com.google.firebase:firebase-appcheck:18.0.0] AndroidManifest.xml:28:13-30:85
282                android:name="com.google.firebase.components:com.google.firebase.appcheck.FirebaseAppCheckRegistrar"
282-->[com.google.firebase:firebase-appcheck:18.0.0] AndroidManifest.xml:29:17-117
283                android:value="com.google.firebase.components.ComponentRegistrar" />
283-->[com.google.firebase:firebase-appcheck:18.0.0] AndroidManifest.xml:30:17-82
284            <meta-data
284-->[com.google.firebase:firebase-crashlytics:19.4.0] AndroidManifest.xml:15:13-17:85
285                android:name="com.google.firebase.components:com.google.firebase.crashlytics.FirebaseCrashlyticsKtxRegistrar"
285-->[com.google.firebase:firebase-crashlytics:19.4.0] AndroidManifest.xml:16:17-126
286                android:value="com.google.firebase.components.ComponentRegistrar" />
286-->[com.google.firebase:firebase-crashlytics:19.4.0] AndroidManifest.xml:17:17-82
287            <meta-data
287-->[com.google.firebase:firebase-crashlytics:19.4.0] AndroidManifest.xml:18:13-20:85
288                android:name="com.google.firebase.components:com.google.firebase.crashlytics.CrashlyticsRegistrar"
288-->[com.google.firebase:firebase-crashlytics:19.4.0] AndroidManifest.xml:19:17-115